<?xml version="1.0" encoding="UTF-8"?>
<!-- Generated by org.testng.reporters.JUnitReportReporter -->
<testsuite hostname="WINDOWS-BF3G247" failures="0" tests="2" name="com.EA.QA.TestCase.HomePageTest" time="16.522" errors="0" timestamp="2021-02-27T14:01:53 IST" skipped="0">
  <testcase classname="com.EA.QA.TestCase.HomePageTest" name="firstnameInsertTest" time="8.472"/>
  <system-out/>
  <testcase classname="com.EA.QA.TestCase.HomePageTest" name="firstnameInsertTest" time="8.050"/>
  <system-out/>
</testsuite> <!-- com.EA.QA.TestCase.HomePageTest -->
