<?xml version="1.0" encoding="UTF-8"?>
<!-- Generated by org.testng.reporters.JUnitReportReporter -->
<testsuite hostname="WINDOWS-BF3G247" failures="0" tests="1" name="com.testng.prac1.Prac1" time="8.513" errors="0" timestamp="2021-02-23T21:14:35 IST" skipped="0">
  <testcase classname="com.testng.prac1.Prac1" name="test1" time="8.513"/>
  <system-out/>
</testsuite> <!-- com.testng.prac1.Prac1 -->
